
Setting up PAPI...done!
This system has 11 available counters.
Warming up caches...done!

Vector Size: 10000000
Number of Bucktes: 256
Sequencial Algorithm

Wall clock time: 739547 usecs
PAPI_TOT_CYC = 2221980536
PAPI_TOT_INS = 2290048141
PAPI_L1_DCM = 10118158
PAPI_L2_DCM = 1758707

That's all, folks

Setting up PAPI...done!
This system has 11 available counters.
Warming up caches...done!

Vector Size: 5000000
Number of Bucktes: 256
Sequencial Algorithm

Wall clock time: 358882 usecs
PAPI_TOT_CYC = 1049811225
PAPI_TOT_INS = 1082625522
PAPI_L1_DCM = 3683619
PAPI_L2_DCM = 770489

That's all, folks

Setting up PAPI...done!
This system has 11 available counters.
Warming up caches...done!

Vector Size: 1000000
Number of Bucktes: 256
Sequencial Algorithm

Wall clock time: 72047 usecs
PAPI_TOT_CYC = 182433550
PAPI_TOT_INS = 187719019
PAPI_L1_DCM = 508753
PAPI_L2_DCM = 104123

That's all, folks

Setting up PAPI...done!
This system has 11 available counters.
Warming up caches...done!

Vector Size: 500000
Number of Bucktes: 256
Sequencial Algorithm

Wall clock time: 29500 usecs
PAPI_TOT_CYC = 85253885
PAPI_TOT_INS = 87729701
PAPI_L1_DCM = 254582
PAPI_L2_DCM = 57338

That's all, folks

Setting up PAPI...done!
This system has 11 available counters.
Warming up caches...done!

Vector Size: 100000
Number of Bucktes: 256
Sequencial Algorithm

Wall clock time: 6686 usecs
PAPI_TOT_CYC = 14593006
PAPI_TOT_INS = 14796367
PAPI_L1_DCM = 50167
PAPI_L2_DCM = 14848

That's all, folks

Setting up PAPI...done!
This system has 11 available counters.
Warming up caches...done!

Vector Size: 50000
Number of Bucktes: 256
Sequencial Algorithm

Wall clock time: 2939 usecs
PAPI_TOT_CYC = 6790366
PAPI_TOT_INS = 6864246
PAPI_L1_DCM = 27049
PAPI_L2_DCM = 9358

That's all, folks

Setting up PAPI...done!
This system has 11 available counters.
Warming up caches...done!

Vector Size: 10000
Number of Bucktes: 256
Sequencial Algorithm

Wall clock time: 409 usecs
PAPI_TOT_CYC = 1083404
PAPI_TOT_INS = 1202962
PAPI_L1_DCM = 5955
PAPI_L2_DCM = 902

That's all, folks

Setting up PAPI...done!
This system has 11 available counters.
Warming up caches...done!

Vector Size: 5000
Number of Bucktes: 256
Sequencial Algorithm

Wall clock time: 195 usecs
PAPI_TOT_CYC = 521990
PAPI_TOT_INS = 621098
PAPI_L1_DCM = 4030
PAPI_L2_DCM = 302

That's all, folks

Setting up PAPI...done!
This system has 11 available counters.
Warming up caches...done!

Vector Size: 1000
Number of Bucktes: 256
Sequencial Algorithm

Wall clock time: 59 usecs
PAPI_TOT_CYC = 139593
PAPI_TOT_INS = 228986
PAPI_L1_DCM = 2557
PAPI_L2_DCM = 81

That's all, folks
