
Setting up PAPI...done!
This system has 11 available counters.
Warming up caches...done!

Vector Size: 10000
Number of Bucktes: 256
Sequencial Algorithm

Wall clock time: 657 usecs
PAPI_TOT_CYC = 1066010
PAPI_TOT_INS = 1202962
PAPI_L1_DCM = 5971
PAPI_L2_DCM = 845

That's all, folks

Setting up PAPI...done!
This system has 11 available counters.
Warming up caches...done!

Vector Size: 16000
Number of Bucktes: 256
Sequencial Algorithm

Wall clock time: 958 usecs
PAPI_TOT_CYC = 1794896
PAPI_TOT_INS = 1968525
PAPI_L1_DCM = 8745
PAPI_L2_DCM = 2288

That's all, folks

Setting up PAPI...done!
This system has 11 available counters.
Warming up caches...done!

Vector Size: 20000
Number of Bucktes: 256
Sequencial Algorithm

Wall clock time: 1015 usecs
PAPI_TOT_CYC = 2302484
PAPI_TOT_INS = 2507477
PAPI_L1_DCM = 9784
PAPI_L2_DCM = 2790

That's all, folks

Setting up PAPI...done!
This system has 11 available counters.
Warming up caches...done!

Vector Size: 30000
Number of Bucktes: 256
Sequencial Algorithm

Wall clock time: 1436 usecs
PAPI_TOT_CYC = 3640225
PAPI_TOT_INS = 3899715
PAPI_L1_DCM = 13743
PAPI_L2_DCM = 5590

That's all, folks

Setting up PAPI...done!
This system has 11 available counters.
Warming up caches...done!

Vector Size: 60000
Number of Bucktes: 256
Sequencial Algorithm

Wall clock time: 4117 usecs
PAPI_TOT_CYC = 8180105
PAPI_TOT_INS = 8386019
PAPI_L1_DCM = 31375
PAPI_L2_DCM = 10286

That's all, folks

Setting up PAPI...done!
This system has 11 available counters.
Warming up caches...done!

Vector Size: 90000
Number of Bucktes: 256
Sequencial Algorithm

Wall clock time: 6034 usecs
PAPI_TOT_CYC = 12866183
PAPI_TOT_INS = 13159779
PAPI_L1_DCM = 46700
PAPI_L2_DCM = 13902

That's all, folks

Setting up PAPI...done!
This system has 11 available counters.
Warming up caches...done!

Vector Size: 150000
Number of Bucktes: 256
Sequencial Algorithm

Wall clock time: 9939 usecs
PAPI_TOT_CYC = 22444294
PAPI_TOT_INS = 23200700
PAPI_L1_DCM = 74441
PAPI_L2_DCM = 20129

That's all, folks

Setting up PAPI...done!
This system has 11 available counters.
Warming up caches...done!

Vector Size: 300000
Number of Bucktes: 256
Sequencial Algorithm

Wall clock time: 18318 usecs
PAPI_TOT_CYC = 48272762
PAPI_TOT_INS = 49932228
PAPI_L1_DCM = 165023
PAPI_L2_DCM = 35571

That's all, folks

Setting up PAPI...done!
This system has 11 available counters.
Warming up caches...done!

Vector Size: 600000
Number of Bucktes: 256
Sequencial Algorithm

Wall clock time: 39046 usecs
PAPI_TOT_CYC = 103964911
PAPI_TOT_INS = 107150697
PAPI_L1_DCM = 302983
PAPI_L2_DCM = 65694

That's all, folks

Setting up PAPI...done!
This system has 11 available counters.
Warming up caches...done!

Vector Size: 1000000
Number of Bucktes: 256
Sequencial Algorithm

Wall clock time: 65479 usecs
PAPI_TOT_CYC = 181739204
PAPI_TOT_INS = 187718977
PAPI_L1_DCM = 507066
PAPI_L2_DCM = 105165

That's all, folks

Setting up PAPI...done!
This system has 11 available counters.
Warming up caches...done!

Vector Size: 2500000
Number of Bucktes: 256
Sequencial Algorithm

Wall clock time: 161569 usecs
PAPI_TOT_CYC = 492955760
PAPI_TOT_INS = 510011456
PAPI_L1_DCM = 1478908
PAPI_L2_DCM = 346980

That's all, folks

Setting up PAPI...done!
This system has 11 available counters.
Warming up caches...done!

Vector Size: 5000000
Number of Bucktes: 256
Sequencial Algorithm

Wall clock time: 333002 usecs
PAPI_TOT_CYC = 1046052408
PAPI_TOT_INS = 1082625468
PAPI_L1_DCM = 3698655
PAPI_L2_DCM = 803850

That's all, folks

Setting up PAPI...done!
This system has 11 available counters.
Warming up caches...done!

Vector Size: 7500000
Number of Bucktes: 256
Sequencial Algorithm

Wall clock time: 508550 usecs
PAPI_TOT_CYC = 1621552474
PAPI_TOT_INS = 1679134745
PAPI_L1_DCM = 5481387
PAPI_L2_DCM = 1229700

That's all, folks

Setting up PAPI...done!
This system has 11 available counters.
Warming up caches...done!

Vector Size: 10000000
Number of Bucktes: 256
Sequencial Algorithm

Wall clock time: 684862 usecs
PAPI_TOT_CYC = 2212184956
PAPI_TOT_INS = 2290048131
PAPI_L1_DCM = 10159545
PAPI_L2_DCM = 1754823

That's all, folks
