
Setting up PAPI...done!
This system has 11 available counters.
Warming up caches...done!

Vector Size: 1000
Number of Bucktes: 150
Parallel Algorithm with 20 threads
1
1
2
3
6
6
7
7
7
9
9
12
12
12
12
14
14
15
19
19
21
21
21
22
23
23
23
23
25
26
27
29
30
30
31
31
31
33
36
37
37
37
38
39
40
41
41
42
42
44
45
45
47
48
53
53
54
60
60
61
62
64
65
66
66
67
67
69
70
70
71
72
73
73
73
74
76
76
77
78
80
80
80
81
82
83
83
84
85
85
85
86
87
88
90
91
91
93
94
95
96
98
100
102
105
106
107
107
107
108
108
110
111
111
112
114
114
115
118
120
120
122
122
124
125
125
125
129
129
131
132
132
133
134
135
136
136
136
137
139
139
141
141
142
144
144
145
145
146
147
147
147
148
149
154
155
157
161
161
162
163
163
165
165
166
166
167
167
168
168
170
171
173
175
176
178
180
180
182
182
184
185
186
187
188
190
190
190
191
192
193
195
195
198
199
199
199
202
202
203
203
208
209
211
211
212
213
213
214
214
214
216
216
216
216
217
221
222
223
223
224
226
226
227
231
232
233
234
234
235
235
237
237
238
238
239
239
239
239
242
243
244
245
247
247
247
248
249
250
250
252
252
253
254
256
257
258
261
261
263
265
266
266
270
271
271
271
271
273
273
274
277
278
279
282
282
282
283
283
284
284
285
285
286
289
291
292
293
294
295
296
297
297
297
297
300
301
301
301
304
304
307
313
313
313
313
313
314
314
314
314
314
315
315
316
316
317
318
319
322
322
324
324
324
325
326
326
327
328
328
328
329
334
334
335
336
336
340
342
342
345
345
346
349
349
350
350
353
355
357
357
360
361
362
365
367
367
370
373
373
374
376
376
376
377
378
378
378
380
380
381
382
382
382
385
388
388
389
390
390
393
394
396
398
401
402
402
403
406
406
407
407
408
408
410
411
412
413
415
417
418
419
420
422
423
425
427
428
428
429
429
432
432
433
433
433
434
435
435
437
437
438
440
441
441
442
442
444
444
444
445
446
446
446
446
447
447
448
448
450
453
453
453
454
454
454
455
455
456
456
457
458
458
458
459
460
462
462
464
466
466
468
468
469
471
471
476
478
480
480
480
482
483
483
484
487
488
490
494
500
500
501
503
504
504
505
505
506
507
508
508
509
509
510
510
511
512
513
513
514
515
515
516
517
518
518
519
520
520
522
524
527
529
530
532
532
533
533
534
535
537
538
538
540
541
541
543
545
545
545
549
549
549
549
550
551
551
553
554
556
558
558
558
558
558
559
560
560
560
562
562
563
565
566
567
568
568
569
570
571
571
572
572
572
573
573
573
575
575
576
579
580
581
581
584
585
586
587
588
588
589
590
590
591
593
594
595
596
597
597
599
601
601
601
602
606
607
610
611
612
613
613
613
614
615
615
616
616
616
617
618
620
620
621
621
623
623
624
627
629
629
630
630
634
636
636
639
641
641
642
643
643
643
647
648
648
649
649
654
658
659
659
660
660
660
661
664
664
665
665
666
666
667
667
670
670
670
671
672
675
675
677
678
678
679
680
683
683
685
686
686
687
688
688
689
690
690
691
693
693
694
694
695
695
695
696
696
696
697
698
698
698
699
700
700
702
702
702
702
703
704
706
706
708
710
710
710
711
713
714
714
715
715
717
718
719
721
721
721
723
725
726
726
727
728
735
736
736
737
739
739
742
742
743
745
746
746
748
748
749
751
751
756
757
757
758
758
759
759
760
761
761
763
763
764
765
767
768
769
770
772
775
777
777
779
779
780
780
780
780
780
782
782
786
786
788
791
795
796
798
800
800
800
800
800
801
803
804
804
805
805
808
809
809
809
810
811
814
814
815
815
815
816
817
818
818
819
820
820
821
821
821
822
822
823
823
823
825
826
826
828
828
830
833
834
834
834
835
839
839
840
841
842
844
844
844
845
845
847
848
850
850
851
851
851
852
855
855
857
857
858
859
860
862
863
864
866
866
867
867
867
868
869
871
871
872
873
874
875
876
876
878
879
879
880
882
882
883
884
884
884
886
886
887
888
888
889
889
890
891
892
893
894
894
894
896
898
898
899
900
901
901
901
904
906
906
906
908
909
909
912
913
913
914
915
917
917
918
920
920
921
922
922
923
926
927
927
927
928
928
930
930
931
932
932
932
933
934
935
936
937
938
940
941
941
944
944
946
947
948
948
949
949
950
953
953
954
958
959
961
961
965
967
967
968
968
969
971
971
972
972
973
973
974
976
976
977
978
981
981
982
984
984
985
986
987
988
988
988
988
990
991
992
992
993
993
993
994
994
998

Wall clock time: 1746 usecs
PAPI_TOT_CYC = 2864200
PAPI_TOT_INS = 538961
PAPI_L1_DCM = 19495
PAPI_L2_DCM = 12467

That's all, folks
