Warming up caches...done!

Vector Size: 10000000
Number of Bucktes: 256
Sequencial Algorithm

Wall clock time: 655859 usecs

That's all, folks
Warming up caches...done!

Vector Size: 10000000
Number of Bucktes: 256
Parallel Algorithm with 2 threads

Wall clock time: 660318 usecs

That's all, folks
Warming up caches...done!

Vector Size: 10000000
Number of Bucktes: 256
Parallel Algorithm with 4 threads

Wall clock time: 661564 usecs

That's all, folks
Warming up caches...done!

Vector Size: 10000000
Number of Bucktes: 256
Parallel Algorithm with 8 threads

Wall clock time: 668342 usecs

That's all, folks
Warming up caches...done!

Vector Size: 10000000
Number of Bucktes: 256
Parallel Algorithm with 16 threads

Wall clock time: 665534 usecs

That's all, folks
Warming up caches...done!

Vector Size: 10000000
Number of Bucktes: 256
Parallel Algorithm with 32 threads

Wall clock time: 658702 usecs

That's all, folks
Warming up caches...done!

Vector Size: 10000000
Number of Bucktes: 256
Parallel Algorithm with 48 threads

Wall clock time: 659802 usecs

That's all, folks
Warming up caches...done!

Vector Size: 10000000
Number of Bucktes: 256
Parallel Algorithm with 64 threads

Wall clock time: 660917 usecs

That's all, folks
Warming up caches...done!

Vector Size: 10000000
Number of Bucktes: 256
Parallel Algorithm with 80 threads

Wall clock time: 659665 usecs

That's all, folks
Warming up caches...done!

Vector Size: 10000000
Number of Bucktes: 256
Parallel Algorithm with 128 threads

Wall clock time: 660791 usecs

That's all, folks
