
Setting up PAPI...done!
This system has 11 available counters.
Warming up caches...
0.000000
[6.47% in buckets 0..15]
[6.60% in buckets 16..31]
[6.01% in buckets 32..47]
[6.18% in buckets 48..63]
[6.18% in buckets 64..79]
[5.98% in buckets 80..95]
[6.00% in buckets 96..111]
[6.30% in buckets 112..127]
[6.73% in buckets 128..143]
[6.36% in buckets 144..159]
[5.88% in buckets 160..175]
[6.17% in buckets 176..191]
[6.29% in buckets 192..207]
[6.60% in buckets 208..223]
[6.39% in buckets 224..239]
[5.86% in buckets 240..255]
done!

Vector Size: 10000
Number of Bucktes: 256
Sequencial Algorithm

Wall clock time: 609 usecs
PAPI_TOT_CYC = 1083844
PAPI_TOT_INS = 1202962
PAPI_L1_DCM = 5976
PAPI_L2_DCM = 766

That's all, folks
