
Setting up PAPI...done!
This system has 11 available counters.
Warming up caches...done!

Vector Size: 10000000
Number of Bucktes: 256
Sequencial Algorithm

Wall clock time: 807876 usecs
PAPI_TOT_CYC = 2470447573
PAPI_TOT_INS = 2470096576
PAPI_L1_DCM = 8431439
PAPI_L2_DCM = 1674096

That's all, folks

Setting up PAPI...done!
This system has 11 available counters.
Warming up caches...done!

Vector Size: 5000000
Number of Bucktes: 256
Sequencial Algorithm

Wall clock time: 380897 usecs
PAPI_TOT_CYC = 1193854554
PAPI_TOT_INS = 1172582353
PAPI_L1_DCM = 3301270
PAPI_L2_DCM = 747459

That's all, folks

Setting up PAPI...done!
This system has 11 available counters.
Warming up caches...done!

Vector Size: 1000000
Number of Bucktes: 256
Sequencial Algorithm

Wall clock time: 65043 usecs
PAPI_TOT_CYC = 206506339
PAPI_TOT_INS = 205676506
PAPI_L1_DCM = 473402
PAPI_L2_DCM = 111977

That's all, folks

Setting up PAPI...done!
This system has 11 available counters.
Warming up caches...done!

Vector Size: 500000
Number of Bucktes: 256
Sequencial Algorithm

Wall clock time: 30774 usecs
PAPI_TOT_CYC = 97313894
PAPI_TOT_INS = 96686258
PAPI_L1_DCM = 233060
PAPI_L2_DCM = 60100

That's all, folks

Setting up PAPI...done!
This system has 11 available counters.
Warming up caches...done!

Vector Size: 100000
Number of Bucktes: 256
Sequencial Algorithm

Wall clock time: 5286 usecs
PAPI_TOT_CYC = 16695105
PAPI_TOT_INS = 16554181
PAPI_L1_DCM = 46518
PAPI_L2_DCM = 13840

That's all, folks

Setting up PAPI...done!
This system has 11 available counters.
Warming up caches...done!

Vector Size: 50000
Number of Bucktes: 256
Sequencial Algorithm

Wall clock time: 2468 usecs
PAPI_TOT_CYC = 7774696
PAPI_TOT_INS = 7721365
PAPI_L1_DCM = 23668
PAPI_L2_DCM = 4465

That's all, folks

Setting up PAPI...done!
This system has 11 available counters.
Warming up caches...done!

Vector Size: 10000
Number of Bucktes: 256
Sequencial Algorithm

Wall clock time: 446 usecs
PAPI_TOT_CYC = 1329665
PAPI_TOT_INS = 1346576
PAPI_L1_DCM = 5072
PAPI_L2_DCM = 108

That's all, folks

Setting up PAPI...done!
This system has 11 available counters.
Warming up caches...done!

Vector Size: 5000
Number of Bucktes: 256
Sequencial Algorithm

Wall clock time: 211 usecs
PAPI_TOT_CYC = 621820
PAPI_TOT_INS = 661526
PAPI_L1_DCM = 2227
PAPI_L2_DCM = 27

That's all, folks

Setting up PAPI...done!
This system has 11 available counters.
Warming up caches...done!

Vector Size: 1000
Number of Bucktes: 256
Sequencial Algorithm

Wall clock time: 57 usecs
PAPI_TOT_CYC = 136735
PAPI_TOT_INS = 183078
PAPI_L1_DCM = 234
PAPI_L2_DCM = 6

That's all, folks
