
Setting up PAPI...done!
This system has 11 available counters.
Warming up caches...done!

Vector Size: 10000000
Number of Bucktes: 256
Sequencial Algorithm

Wall clock time: 820778 usecs
PAPI_TOT_CYC = 2470938170
PAPI_TOT_INS = 2470097707
PAPI_L1_DCM = 8473418
PAPI_L2_DCM = 1665831

That's all, folks

Setting up PAPI...done!
This system has 11 available counters.
Warming up caches...done!

Vector Size: 5000000
Number of Bucktes: 256
Sequencial Algorithm

Wall clock time: 380660 usecs
PAPI_TOT_CYC = 1193342806
PAPI_TOT_INS = 1172582352
PAPI_L1_DCM = 3312012
PAPI_L2_DCM = 746140

That's all, folks

Setting up PAPI...done!
This system has 11 available counters.
Warming up caches...done!

Vector Size: 1000000
Number of Bucktes: 256
Sequencial Algorithm

Wall clock time: 65090 usecs
PAPI_TOT_CYC = 206496791
PAPI_TOT_INS = 205676506
PAPI_L1_DCM = 472304
PAPI_L2_DCM = 111652

That's all, folks

Setting up PAPI...done!
This system has 11 available counters.
Warming up caches...done!

Vector Size: 500000
Number of Bucktes: 256
Sequencial Algorithm

Wall clock time: 30565 usecs
PAPI_TOT_CYC = 97289467
PAPI_TOT_INS = 96686258
PAPI_L1_DCM = 233958
PAPI_L2_DCM = 59966

That's all, folks

Setting up PAPI...done!
This system has 11 available counters.
Warming up caches...done!

Vector Size: 100000
Number of Bucktes: 256
Sequencial Algorithm

Wall clock time: 5272 usecs
PAPI_TOT_CYC = 16700730
PAPI_TOT_INS = 16554181
PAPI_L1_DCM = 46322
PAPI_L2_DCM = 14031

That's all, folks

Setting up PAPI...done!
This system has 11 available counters.
Warming up caches...done!

Vector Size: 50000
Number of Bucktes: 256
Sequencial Algorithm

Wall clock time: 2478 usecs
PAPI_TOT_CYC = 7773772
PAPI_TOT_INS = 7721365
PAPI_L1_DCM = 23672
PAPI_L2_DCM = 4463

That's all, folks

Setting up PAPI...done!
This system has 11 available counters.
Warming up caches...done!

Vector Size: 10000
Number of Bucktes: 256
Sequencial Algorithm

Wall clock time: 437 usecs
PAPI_TOT_CYC = 1317698
PAPI_TOT_INS = 1346576
PAPI_L1_DCM = 5034
PAPI_L2_DCM = 111

That's all, folks

Setting up PAPI...done!
This system has 11 available counters.
Warming up caches...done!

Vector Size: 5000
Number of Bucktes: 256
Sequencial Algorithm

Wall clock time: 215 usecs
PAPI_TOT_CYC = 622513
PAPI_TOT_INS = 661526
PAPI_L1_DCM = 2186
PAPI_L2_DCM = 22

That's all, folks

Setting up PAPI...done!
This system has 11 available counters.
Warming up caches...done!

Vector Size: 1000
Number of Bucktes: 256
Sequencial Algorithm

Wall clock time: 56 usecs
PAPI_TOT_CYC = 137020
PAPI_TOT_INS = 183078
PAPI_L1_DCM = 212
PAPI_L2_DCM = 10

That's all, folks
