
Setting up PAPI...done!
This system has 11 available counters.
Warming up caches...done!

Vector Size: 10000000
Number of Bucktes: 256
Parallel Algorithm with 40 threads

[6.25% in buckets 0..15]
[6.25% in buckets 16..31]
[6.25% in buckets 32..47]
[6.26% in buckets 48..63]
[6.25% in buckets 64..79]
[6.24% in buckets 80..95]
[6.24% in buckets 96..111]
[6.25% in buckets 112..127]
[6.24% in buckets 128..143]
[6.25% in buckets 144..159]
[6.25% in buckets 160..175]
[6.26% in buckets 176..191]
[6.26% in buckets 192..207]
[6.26% in buckets 208..223]
[6.25% in buckets 224..239]
[6.24% in buckets 240..255]

Wall clock time: 197415 usecs
PAPI_TOT_CYC = 367734819
PAPI_TOT_INS = 348984770
PAPI_L1_DCM = 6764939
PAPI_L2_DCM = 1655022

That's all, folks
