
Setting up PAPI...done!
This system has 11 available counters.
Warming up caches...done!

Vector Size: 10000000
Number of Bucktes: 256
Sequencial Algorithm

Wall clock time: 1652609 usecs
PAPI_TOT_CYC = 5113582763
PAPI_TOT_INS = 8170166066
PAPI_L1_DCM = 16702247
PAPI_L2_DCM = 2023577

That's all, folks

Setting up PAPI...done!
This system has 11 available counters.
Warming up caches...done!

Vector Size: 5000000
Number of Bucktes: 256
Sequencial Algorithm

Wall clock time: 800622 usecs
PAPI_TOT_CYC = 2455405247
PAPI_TOT_INS = 3982322843
PAPI_L1_DCM = 6299120
PAPI_L2_DCM = 808450

That's all, folks

Setting up PAPI...done!
This system has 11 available counters.
Warming up caches...done!

Vector Size: 1000000
Number of Bucktes: 256
Sequencial Algorithm

Wall clock time: 151588 usecs
PAPI_TOT_CYC = 447595265
PAPI_TOT_INS = 751523658
PAPI_L1_DCM = 589987
PAPI_L2_DCM = 101046

That's all, folks

Setting up PAPI...done!
This system has 11 available counters.
Warming up caches...done!

Vector Size: 500000
Number of Bucktes: 256
Sequencial Algorithm

Wall clock time: 69545 usecs
PAPI_TOT_CYC = 214565866
PAPI_TOT_INS = 366293819
PAPI_L1_DCM = 261787
PAPI_L2_DCM = 54549

That's all, folks

Setting up PAPI...done!
This system has 11 available counters.
Warming up caches...done!

Vector Size: 100000
Number of Bucktes: 256
Sequencial Algorithm

Wall clock time: 13114 usecs
PAPI_TOT_CYC = 38864044
PAPI_TOT_INS = 68614418
PAPI_L1_DCM = 49770
PAPI_L2_DCM = 14024

That's all, folks

Setting up PAPI...done!
This system has 11 available counters.
Warming up caches...done!

Vector Size: 50000
Number of Bucktes: 256
Sequencial Algorithm

Wall clock time: 6692 usecs
PAPI_TOT_CYC = 18658775
PAPI_TOT_INS = 33354295
PAPI_L1_DCM = 26737
PAPI_L2_DCM = 9474

That's all, folks

Setting up PAPI...done!
This system has 11 available counters.
Warming up caches...done!

Vector Size: 10000
Number of Bucktes: 256
Sequencial Algorithm

Wall clock time: 1023 usecs
PAPI_TOT_CYC = 3177865
PAPI_TOT_INS = 6101866
PAPI_L1_DCM = 5722
PAPI_L2_DCM = 698

That's all, folks

Setting up PAPI...done!
This system has 11 available counters.
Warming up caches...done!

Vector Size: 5000
Number of Bucktes: 256
Sequencial Algorithm

Wall clock time: 490 usecs
PAPI_TOT_CYC = 1502664
PAPI_TOT_INS = 2970604
PAPI_L1_DCM = 3662
PAPI_L2_DCM = 229

That's all, folks

Setting up PAPI...done!
This system has 11 available counters.
Warming up caches...done!

Vector Size: 1000
Number of Bucktes: 256
Sequencial Algorithm

Wall clock time: 106 usecs
PAPI_TOT_CYC = 284969
PAPI_TOT_INS = 586082
PAPI_L1_DCM = 1994
PAPI_L2_DCM = 83

That's all, folks
